_Philip
_Glass
_has
_been
!hunting
!wild
_animals
_since
_before
_he
_can
_even
_remember
_It
_started
_with
_rabbits
_and
_squirrels
_progressing
_to
_deer
_when
_he
_was
!10
_and
_now
_that
_he
*’s
!46
_he
*cannot
_begin
_to
_count
_how
_many
_animals
_he
*’s
_killed
_let
_alone
_how
_many
!varieties
_“
_I
!’m
_a
*rancher
_in
_Texas
_and
_predator
!hunting
_is
_part
!of
_my
_life
!”
_he
_explains
_“
_I
_shoot
_coyotes
_and
_deer
_to
_keep
_my
_sheep
_alive
_But
_I
!’m
_also
_a
*trophy
!hunter
_I
_’ve
_shot
_four
_out
!of
_the
_big
_five
_in
!Africa
_a
_lion
_a
_leopard
_a
_buffalo
_and
_an
_elephant
_The
_only
_one
_I
*havent
_shot
_is
_a
_rhino
!”
_His
_journey
_to
_killing
_a
_lion
_and
_elephant
_is
!documented
_in
_the
!BBC
_Four
_documentary
!Trophy
_The
!Big
_Game
!Hunting
_Controversy
_It
_is
_difficult
_viewing
_for
_animal
_lovers
_Glass
_is
_seen
_shooting
_an
_elephant
_that
_lies
_on
_the
_ground
!moaning
_in
*pain
_and
!distress
_before
_it
_finally
_dies
_And
_a
_strong
!male
_lion
_is
_shot
_in
_its
_natural
!habitat
_And
_Glass
_discusses
_the
!20
*trophies
_he
_has
_on
_his
_walls
_at
_home
_–
_the
_“
_coolest
!”
!of
_which
_he
_says
_is
_a
_giraffe
_“
_For
_most
!hunters
_an
_animal
_head
_on
_the
_wall
_is
_a
*memory
!of
_a
_very
_special
_time
_in
_their
_lives
!”
_he
_says
_“
_It
*’s
_not
_just
_a
!dusty
*trophy
_–
_it
*’s
_a
_reverence
_When
_I
_see
_my
*trophies
_I
_remember
_the
_rush
_and
_thrill
!of
_each
!of
_those
*hunts
_I
_thank
_God
_for
_those
_animals
_and
_those
_trips
_where
_I
_got
_to
_travel
_the
_world
_and
_see
_them
_in
_their
_natural
!habitats
!”
_Philip
!GlassBBC
_THREEPHILIP
*GLASS
_Philip
_Glass
_Nowadays
*trophy
!hunting
_is
_often
_seen
_as
!brutally
!cruel
_and
_unnecessary
_When
*Cecil
_the
_Lion
_was
_shot
_in
_2015
_there
_was
_widespread
*outrage
_The
_lion
_was
_a
_known
*favourite
_at
_a
_national
!park
_but
_was
_killed
_when
_he
_was
_outside
_the
!parks
!boundaries
_–
_which
_is
_legal
_It
_was
!insinuated
_that
_he
_was
*lured
_off
_the
!park
_but
!Zimbabwe
_dropped
_all
*charges
_against
_the
!hunter
_in
*question
_It
_led
_to
_petitions
_where
_thousands
_called
_for
_justice
_for
*Cecil
_Glass
_says
_he
_accepts
_the
_viewpoint
_that
_killing
_wildanimals
_for
_pleasure
_is
_upsetting
_and
_gratuitous
_But
_he
_defends
_himself
_by
_pointing
_out
_that
_what
_he
_does
_is
_legal
_He
_says
*trophy
!hunters
_are
_nothing
_like
*poachers
_who
_illegally
_kill
!endangered
_animals
_to
_sell
_on
_their
_parts
_–
_such
_as
*ivory
_or
_rhino
!horns
_and
_that
_licensed
!hunters
_pay
_a
*large
_fee
_to
_governmentapproved
!organisations
_that
_can
_go
_up
_to
_six
_figures
_“
_I
!’m
_completely
_antipoaching
!”
_says
_Glass
_“
_It
*’s
_against
_the
_law
_and
_there
*’s
_no
_death
_more
_painful
_and
_long
_than
_an
!animal
_being
_hung
_in
_a
_poacher
*’s
*snare
_I
_see
_myself
_as
_a
_conservationist
!”
_The
_idea
_that
!hunting
_can
_lead
_to
!conservation
_comes
_down
_to
_the
_fact
_that
_in
_some
!African
_countries
_such
_as
!Zambia
_and
!Zimbabwe
_half
!of
_the
_money
_from
_a
_hunt
_is
_meant
_to
_go
_to
_the
_community
_and
!conservation
_groups
_However
_critics
_say
_that
_in
!Zimbabwe
_less
_than
_05
!of
_the
_countrys
_GDP
_comes
_from
*trophy
!hunting
_itself
_and
_that
_the
_benefits
_often
_fail
_to
_reach
*ordinary
!Zimbabweans
_Meanwhile
_a
!2009
*report
_from
_the
_International
!Union
_for
!Conservation
!of
!Nature
_revealed
_that
_sport
!hunting
_in
_West
!Africa
_does
_not
_provide
_significant
_benefits
_to
_the
_surrounding
_communities
!Zoologist
_Craig
!Packer
_–
_who
_also
_features
_in
_the
!BBC
_Four
_documentary
_disagrees
_with
_Glass
*’s
*justification
_for
!hunting
_“
_To
_Glass
_God
_put
_all
_the
_lions
_on
_Earth
_so
_it
*’s
_fine
_to
_shoot
_them
_What
_he
_implies
_is
_there
*’s
_an
*inexhaustible
*supply
!of
_nature
_but
_that
*’s
_really
_far
_from
_reality
_There
_are
_only
_between
*2030000
!wild
_lions
_left
_in
_North
!Africa
_There
_are
!n’t
_as
_many
_lions
_left
_to
_shoot
_anymore
!”
_Philip
_Glass
_in
*actionBBC
_THREEPHILIP
*GLASS
_Philip
_Glass
_in
_action
_He
_also
*points
_out
_that
_half
!of
_a
!hunting
_fee
_–
_typically
_between
_25000
_and
_50000
_–
_is
!n’t
_enough
_to
_protect
_animals
_from
*poachers
_and
_local
_communities
_“
_The
_difficulty
_in
*conserving
_an
!animal
_like
_the
_lion
_thats
_so
_fierce
_and
_dangerous
_is
_that
_it
*’s
_very
_expensive
_says
!Packer
_Yes
!hunters
_pay
_money
_to
_go
_and
_they
_may
_well
_in
_their
_heart
_believe
_that
_money
_is
_enough
_to
_make
_a
_difference
_But
_it
*’s
_not
_If
_they
_gave
*1
_million
_per
_hunt
_and
!100
!of
_it
_went
_to
!conservation
_then
_that
_would
_be
_closer
_to
_the
*amount
_that
*’s
_needed
!”
!Of
_course
_the
_other
_major
*criticism
!of
*trophy
!hunting
_comes
_from
_animal
_rights
_groups
!PETA
_says
_on
_its
_website
_“
!Hunting
_is
_now
_nothing
_more
_than
_a
_violent
_form
!of
_recreation
_that
_the
_vast
_majority
!of
!hunters
_do
_not
_need
_for
*subsistence
!Hunting
_has
_contributed
_to
_the
!extinction
!of
_animal
!species
_all
_over
_the
_world
_including
_the
!Tasmanian
_tiger
_and
_the
_great
_auk
!”
_The
_animal
_rights
*organisation
_also
_highlights
_the
*pain
_it
_can
_inflict
_on
_animals
_if
_they
_are
_hurt
_and
_not
_killed
_as
_well
_as
_the
_negative
_effect
_on
_natural
!habitats
_and
!ecosystems
_Philip
_Glass
_says
_that
_he
_tries
_very
_hard
_to
_be
*ethical
_with
_killing
_and
_to
_do
_his
_“
_due
_diligence
!”
_He
_explains
_“
_People
_think
_I
_jump
_on
_an
_airplane
_get
_off
_run
_out
_to
_the
!bush
_and
_shoot
_a
_lion
_but
_that
*’s
_not
_even
_close
_to
_the
_real
_process
_I
_plan
_a
*year
_in
_advance
_If
_I
_want
_to
_hunt
_a
_buffalo
_I
_want
_to
_know
_if
_the
_management
!of
_the
_hunt
_I
_book
_has
_a
_good
_success
_rate
_that
_they
_’re
_open
_about
_their
*permits
_and
_that
_they
_’re
_straightup
_and
_honest
_I
_read
*books
_on
*anatomy
_so
_I
_know
_how
_to
_shoot
_an
_animal
_ethically
_causing
_it
_minimum
*pain
_and
_I
_go
_to
_a
_shooting
_school
_for
_dangerous
_game
!hunting
!”
_However
_his
_efforts
_do
_not
_always
*pay
_off
_In
_the
_documentary
_the
_elephant
_he
_shoots
_looks
_like
_it
_is
_in
*pain
_and
_appears
_to
_be
*shrieking
_Glass
_is
_uncomfortable
_about
_this
_and
_says
_he
_thinks
_it
_looks
!exaggerated
_on
_film
_but
_accepts
_“
_It
_is
_hard
_for
_people
_to
_watch
_It
*’s
_upsetting
_to
_me
_just
_the
_same
_as
_it
_is
_to
_you
!”
_Philip
_and
_one
!of
_his
*trophiesBBC
_THREEPHILIP
*GLASS
_Philip
_and
_one
!of
_his
*trophies
_His
_views
_on
_animals
_seem
_conflicted
_He
_calls
_himself
_an
_animal
!lover
_but
_also
_believes
_in
_killing
_them
_for
_sport
_“
_I
_live
_with
_animals
_I
_feed
_them
_care
_for
_them
_and
_hunt
_them
_too
_because
_I
_love
_them
!”
_he
_says
_“
_But
_though
_I
_love
_animals
_I
_do
!n’t
_believe
_they
_have
_any
_rights
_I
_think
_that
*’s
_a
_modern
_myth
_that
*’s
_been
_created
_by
_people
_At
_the
_very
_beginning
!of
_the
!Bible
_when
_God
_mentions
_mankind
_he
_gives
!men
*dominion
_over
_all
_animals
_We
_’re
_in
*charge
_But
_we
_’re
_also
_responsible
_I
_take
_that
_seriously
_and
_try
_to
_be
*ethical
_when
_I
_shoot
!”
_There
_is
_a
_moment
_caught
_on
_film
_when
_he
_shoots
_his
_first
_lion
_and
_cries
_“
_I
_ca
!n’t
_apologise
_for
_that
_rush
!of
_emotion
!”
_he
_says
_“
_It
_was
_a
_mixture
!of
_pride
_and
_joy
_at
_achieving
_a
_dream
_I
_never
_felt
_I
_could
_have
_The
_lion
_is
_something
_I
_never
_thought
_I
_could
_hunt
_It
_was
_the
_most
_gorgeous
_lion
_–
_a
_single
!solitary
!male
_I
_do
!n’t
_feel
_guilty
_about
_shooting
_him
_because
_Im
_certain
_that
_if
_I
_had
!n’t
_he
_would
_have
_died
_being
_torn
!limbtolimb
_by
_other
_lions
!”
_Glass
_says
_he
_is
_aware
_that
_many
_viewers
!of
_the
_documentary
_will
_not
_understand
_his
_views
_–
_that
_they
_will
_see
_him
_as
!cruel
_and
!delusional
_He
_says
_he
_has
_already
*received
_huge
*amounts
!of
_abuse
*online
_particularly
_on
_social
_media
_where
_he
!proudly
_poses
_with
_the
!animals
_he
_has
_shot
_–
_a
_leopardan
_elephant
_a
_baboon
_–
_but
_he
_does
!n’t
_care
_“
_Most
_people
!wo
!n’t
_ever
_understand
_the
_heart
!of
_a
_true
!hunter
!”
_says
_Glass
_“
_Critics
_do
!n’t
_have
_to
_like
_it
_but
_I
_believe
_that
_what
_we
_do
_helps
_wildlife
_I
_appreciate
_their
_heart
_for
_animals
_but
_I
_want
_them
_to
_know
_I
_have
_the
_same
_heart
_I
_just
_do
_things
_in
_a
_different
_way
!”
_Philip
_Glass
_has
_been
!hunting
!wild
_animals
_since
_before
_he
_can
_even
_remember
_It
_started
_with
_rabbits
_and
_squirrels
_progressing
_to
_deer
_when
_he
_was
!10
_and
_now
_that
_he
*’s
!46
_he
*cannot
_begin
_to
_count
_how
_many
_animals
_he
*’s
_killed
_let
_alone
_how
_many
!varieties
_“
_I
!’m
_a
*rancher
_in
_Texas
_and
_predator
!hunting
_is
_part
!of
_my
_life
!”
_he
_explains
_“
_I
_shoot
_coyotes
_and
_deer
_to
_keep
_my
_sheep
_alive
_But
_I
!’m
_also
_a
*trophy
!hunter
_I
_’ve
_shot
_four
_out
!of
_the
_big
_five
_in
!Africa
_a
_lion
_a
_leopard
_a
_buffalo
_and
_an
_elephant
_The
_only
_one
_I
*havent
_shot
_is
_a
_rhino
!”
_His
_journey
_to
_killing
_a
_lion
_and
_elephant
_is
!documented
_in
_the
!BBC
_Four
_documentary
!Trophy
_The
!Big
_Game
!Hunting
_Controversy
_It
_is
_difficult
_viewing
_for
_animal
_lovers
_Glass
_is
_seen
_shooting
_an
_elephant
_that
_lies
_on
_the
_ground
!moaning
_in
*pain
_and
!distress
_before
_it
_finally
_dies
_And
_a
_strong
!male
_lion
_is
_shot
_in
_its
_natural
!habitat
_And
_Glass
_discusses
_the
!20
*trophies
_he
_has
_on
_his
_walls
_at
_home
_–
_the
_“
_coolest
!”
!of
_which
_he
_says
_is
_a
_giraffe
_“
_For
_most
!hunters
_an
_animal
_head
_on
_the
_wall
_is
_a
*memory
!of
_a
_very
_special
_time
_in
_their
_lives
!”
_he
_says
_“
_It
*’s
_not
_just
_a
!dusty
*trophy
_–
_it
*’s
_a
_reverence
_When
_I
_see
_my
*trophies
_I
_remember
_the
_rush
_and
_thrill
!of
_each
!of
_those
*hunts
_I
_thank
_God
_for
_those
_animals
_and
_those
_trips
_where
_I
_got
_to
_travel
_the
_world
_and
_see
_them
_in
_their
_natural
!habitats
!”
_Philip
!GlassBBC
_THREEPHILIP
*GLASS
_Philip
_Glass
_Nowadays
*trophy
!hunting
_is
_often
_seen
_as
!brutally
!cruel
_and
_unnecessary
_When
*Cecil
_the
_Lion
_was
_shot
_in
_2015
_there
_was
_widespread
*outrage
_The
_lion
_was
_a
_known
*favourite
_at
_a
_national
!park
_but
_was
_killed
_when
_he
_was
_outside
_the
!parks
!boundaries
_–
_which
_is
_legal
_It
_was
!insinuated
_that
_he
_was
*lured
_off
_the
!park
_but
!Zimbabwe
_dropped
_all
*charges
_against
_the
!hunter
_in
*question
_It
_led
_to
_petitions
_where
_thousands
_called
_for
_justice
_for
*Cecil
_Glass
_says
_he
_accepts
_the
_viewpoint
_that
_killing
_wildanimals
_for
_pleasure
_is
_upsetting
_and
_gratuitous
_But
_he
_defends
_himself
_by
_pointing
_out
_that
_what
_he
_does
_is
_legal
_He
_says
*trophy
!hunters
_are
_nothing
_like
*poachers
_who
_illegally
_kill
!endangered
_animals
_to
_sell
_on
_their
_parts
_–
_such
_as
*ivory
_or
_rhino
!horns
_and
_that
_licensed
!hunters
_pay
_a
*large
_fee
_to
_governmentapproved
!organisations
_that
_can
_go
_up
_to
_six
_figures
_“
_I
!’m
_completely
_antipoaching
!”
_says
_Glass
_“
_It
*’s
_against
_the
_law
_and
_there
*’s
_no
_death
_more
_painful
_and
_long
_than
_an
!animal
_being
_hung
_in
_a
_poacher
*’s
*snare
_I
_see
_myself
_as
_a
_conservationist
!”
_The
_idea
_that
!hunting
_can
_lead
_to
!conservation
_comes
_down
_to
_the
_fact
_that
_in
_some
!African
_countries
_such
_as
!Zambia
_and
!Zimbabwe
_half
!of
_the
_money
_from
_a
_hunt
_is
_meant
_to
_go
_to
_the
_community
_and
!conservation
_groups
_However
_critics
_say
_that
_in
!Zimbabwe
_less
_than
_05
!of
_the
_countrys
_GDP
_comes
_from
*trophy
!hunting
_itself
_and
_that
_the
_benefits
_often
_fail
_to
_reach
*ordinary
!Zimbabweans
_Meanwhile
_a
!2009
*report
_from
_the
_International
!Union
_for
!Conservation
!of
!Nature
_revealed
_that
_sport
!hunting
_in
_West
!Africa
_does
_not
_provide
_significant
_benefits
_to
_the
_surrounding
_communities
!Zoologist
_Craig
!Packer
_–
_who
_also
_features
_in
_the
!BBC
_Four
_documentary
_disagrees
_with
_Glass
*’s
*justification
_for
!hunting
_“
_To
_Glass
_God
_put
_all
_the
_lions
_on
_Earth
_so
_it
*’s
_fine
_to
_shoot
_them
_What
_he
_implies
_is
_there
*’s
_an
*inexhaustible
*supply
!of
_nature
_but
_that
*’s
_really
_far
_from
_reality
_There
_are
_only
_between
*2030000
!wild
_lions
_left
_in
_North
!Africa
_There
_are
!n’t
_as
_many
_lions
_left
_to
_shoot
_anymore
!”
_Philip
_Glass
_in
*actionBBC
_THREEPHILIP
*GLASS
_Philip
_Glass
_in
_action
_He
_also
*points
_out
_that
_half
!of
_a
!hunting
_fee
_–
_typically
_between
_25000
_and
_50000
_–
_is
!n’t
_enough
_to
_protect
_animals
_from
*poachers
_and
_local
_communities
_“
_The
_difficulty
_in
*conserving
_an
!animal
_like
_the
_lion
_thats
_so
_fierce
_and
_dangerous
_is
_that
_it
*’s
_very
_expensive
_says
!Packer
_Yes
!hunters
_pay
_money
_to
_go
_and
_they
_may
_well
_in
_their
_heart
_believe
_that
_money
_is
_enough
_to
_make
_a
_difference
_But
_it
*’s
_not
_If
_they
_gave
*1
_million
_per
_hunt
_and
!100
!of
_it
_went
_to
!conservation
_then
_that
_would
_be
_closer
_to
_the
*amount
_that
*’s
_needed
!”
!Of
_course
_the
_other
_major
*criticism
!of
*trophy
!hunting
_comes
_from
_animal
_rights
_groups
!PETA
_says
_on
_its
_website
_“
!Hunting
_is
_now
_nothing
_more
_than
_a
_violent
_form
!of
_recreation
_that
_the
_vast
_majority
!of
!hunters
_do
_not
_need
_for
*subsistence
!Hunting
_has
_contributed
_to
_the
!extinction
!of
_animal
!species
_all
_over
_the
_world
_including
_the
!Tasmanian
_tiger
_and
_the
_great
_auk
!”
_The
_animal
_rights
*organisation
_also
_highlights
_the
*pain
_it
_can
_inflict
_on
_animals
_if
_they
_are
_hurt
_and
_not
_killed
_as
_well
_as
_the
_negative
_effect
_on
_natural
!habitats
_and
!ecosystems
_Philip
_Glass
_says
_that
_he
_tries
_very
_hard
_to
_be
*ethical
_with
_killing
_and
_to
_do
_his
_“
_due
_diligence
!”
_He
_explains
_“
_People
_think
_I
_jump
_on
_an
_airplane
_get
_off
_run
_out
_to
_the
!bush
_and
_shoot
_a
_lion
_but
_that
*’s
_not
_even
_close
_to
_the
_real
_process
_I
_plan
_a
*year
_in
_advance
_If
_I
_want
_to
_hunt
_a
_buffalo
_I
_want
_to
_know
_if
_the
_management
!of
_the
_hunt
_I
_book
_has
_a
_good
_success
_rate
_that
_they
_’re
_open
_about
_their
*permits
_and
_that
_they
_’re
_straightup
_and
_honest
_I
_read
*books
_on
*anatomy
_so
_I
_know
_how
_to
_shoot
_an
_animal
_ethically
_causing
_it
_minimum
*pain
_and
_I
_go
_to
_a
_shooting
_school
_for
_dangerous
_game
!hunting
!”
_However
_his
_efforts
_do
_not
_always
*pay
_off
_In
_the
_documentary
_the
_elephant
_he
_shoots
_looks
_like
_it
_is
_in
*pain
_and
_appears
_to
_be
*shrieking
_Glass
_is
_uncomfortable
_about
_this
_and
_says
_he
_thinks
_it
_looks
!exaggerated
_on
_film
_but
_accepts
_“
_It
_is
_hard
_for
_people
_to
_watch
_It
*’s
_upsetting
_to
_me
_just
_the
_same
_as
_it
_is
_to
_you
!”
_Philip
_and
_one
!of
_his
*trophiesBBC
_THREEPHILIP
*GLASS
_Philip
_and
_one
!of
_his
*trophies
_His
_views
_on
_animals
_seem
_conflicted
_He
_calls
_himself
_an
_animal
!lover
_but
_also
_believes
_in
_killing
_them
_for
_sport
_“
_I
_live
_with
_animals
_I
_feed
_them
_care
_for
_them
_and
_hunt
_them
_too
_because
_I
_love
_them
!”
_he
_says
_“
_But
_though
_I
_love
_animals
_I
_do
!n’t
_believe
_they
_have
_any
_rights
_I
_think
_that
*’s
_a
_modern
_myth
_that
*’s
_been
_created
_by
_people
_At
_the
_very
_beginning
!of
_the
!Bible
_when
_God
_mentions
_mankind
_he
_gives
!men
*dominion
_over
_all
_animals
_We
_’re
_in
*charge
_But
_we
_’re
_also
_responsible
_I
_take
_that
_seriously
_and
_try
_to
_be
*ethical
_when
_I
_shoot
!”
_There
_is
_a
_moment
_caught
_on
_film
_when
_he
_shoots
_his
_first
_lion
_and
_cries
_“
_I
_ca
!n’t
_apologise
_for
_that
_rush
!of
_emotion
!”
_he
_says
_“
_It
_was
_a
_mixture
!of
_pride
_and
_joy
_at
_achieving
_a
_dream
_I
_never
_felt
_I
_could
_have
_The
_lion
_is
_something
_I
_never
_thought
_I
_could
_hunt
_It
_was
_the
_most
_gorgeous
_lion
_–
_a
_single
!solitary
!male
_I
_do
!n’t
_feel
_guilty
_about
_shooting
_him
_because
_Im
_certain
_that
_if
_I
_had
!n’t
_he
_would
_have
_died
_being
_torn
!limbtolimb
_by
_other
_lions
!”
_Glass
_says
_he
_is
_aware
_that
_many
_viewers
!of
_the
_documentary
_will
_not
_understand
_his
_views
_–
_that
_they
_will
_see
_him
_as
!cruel
_and
!delusional
_He
_says
_he
_has
_already
*received
_huge
*amounts
!of
_abuse
*online
_particularly
_on
_social
_media
_where
_he
!proudly
_poses
_with
_the
!animals
_he
_has
_shot
_–
_a
_leopardan
_elephant
_a
_baboon
_–
_but
_he
_does
!n’t
_care
_“
_Most
_people
!wo
!n’t
_ever
_understand
_the
_heart
!of
_a
_true
!hunter
!”
_says
_Glass
_“
_Critics
_do
!n’t
_have
_to
_like
_it
_but
_I
_believe
_that
_what
_we
_do
_helps
_wildlife
_I
_appreciate
_their
_heart
_for
_animals
_but
_I
_want
_them
_to
_know
_I
_have
_the
_same
_heart
_I
_just
_do
_things
_in
_a
_different
_way
!”
_Philip
_Glass
_has
_been
!hunting
!wild
_animals
_since
_before
_he
_can
_even
_remember
_It
_started
_with
_rabbits
_and
_squirrels
_progressing
_to
_deer
_when
_he
_was
!10
_and
_now
_that
_he
*’s
!46
_he
*cannot
_begin
_to
_count
_how
_many
_animals
_he
*’s
_killed
_let
_alone
_how
_many
!varieties
_“
_I
!’m
_a
*rancher
_in
_Texas
_and
_predator
!hunting
_is
_part
!of
_my
_life
!”
_he
_explains
_“
_I
_shoot
_coyotes
_and
_deer
_to
_keep
_my
_sheep
_alive
_But
_I
!’m
_also
_a
*trophy
!hunter
_I
_’ve
_shot
_four
_out
!of
_the
_big
_five
_in
!Africa
_a
_lion
_a
_leopard
_a
_buffalo
_and
_an
_elephant
_The
_only
_one
_I
*havent
_shot
_is
_a
_rhino
!”
_His
_journey
_to
_killing
_a
_lion
_and
_elephant
_is
!documented
_in
_the
!BBC
_Four
_documentary
!Trophy
_The
!Big
_Game
!Hunting
_Controversy
_It
_is
_difficult
_viewing
_for
_animal
_lovers
_Glass
_is
_seen
_shooting
_an
_elephant
_that
_lies
_on
_the
_ground
!moaning
_in
*pain
_and
!distress
_before
_it
_finally
_dies
_And
_a
_strong
!male
_lion
_is
_shot
_in
_its
_natural
!habitat
_And
_Glass
_discusses
_the
!20
*trophies
_he
_has
_on
_his
_walls
_at
_home
_–
_the
_“
_coolest
!”
!of
_which
_he
_says
_is
_a
_giraffe
_“
_For
_most
!hunters
_an
_animal
_head
_on
_the
_wall
_is
_a
*memory
!of
_a
_very
_special
_time
_in
_their
_lives
!”
_he
_says
_“
_It
*’s
_not
_just
_a
!dusty
*trophy
_–
_it
*’s
_a
_reverence
_When
_I
_see
_my
*trophies
_I
_remember
_the
_rush
_and
_thrill
!of
_each
!of
_those
*hunts
_I
_thank
_God
_for
_those
_animals
_and
_those
_trips
_where
_I
_got
_to
_travel
_the
_world
_and
_see
_them
_in
_their
_natural
!habitats
!”
_Philip
!GlassBBC
_THREEPHILIP
*GLASS
_Philip
_Glass
_Nowadays
*trophy
!hunting
_is
_often
_seen
_as
!brutally
!cruel
_and
_unnecessary
_When
*Cecil
_the
_Lion
_was
_shot
_in
_2015
_there
_was
_widespread
*outrage
_The
_lion
_was
_a
_known
*favourite
_at
_a
_national
!park
_but
_was
_killed
_when
_he
_was
_outside
_the
!parks
!boundaries
_–
_which
_is
_legal
_It
_was
!insinuated
_that
_he
_was
*lured
_off
_the
!park
_but
!Zimbabwe
_dropped
_all
*charges
_against
_the
!hunter
_in
*question
_It
_led
_to
_petitions
_where
_thousands
_called
_for
_justice
_for
*Cecil
_Glass
_says
_he
_accepts
_the
_viewpoint
_that
_killing
_wildanimals
_for
_pleasure
_is
_upsetting
_and
_gratuitous
_But
_he
_defends
_himself
_by
_pointing
_out
_that
_what
_he
_does
_is
_legal
_He
_says
*trophy
!hunters
_are
_nothing
_like
*poachers
_who
_illegally
_kill
!endangered
_animals
_to
_sell
_on
_their
_parts
_–
_such
_as
*ivory
_or
_rhino
!horns
_and
_that
_licensed
!hunters
_pay
_a
*large
_fee
_to
_governmentapproved
!organisations
_that
_can
_go
_up
_to
_six
_figures
_“
_I
!’m
_completely
_antipoaching
!”
_says
_Glass
_“
_It
*’s
_against
_the
_law
_and
_there
*’s
_no
_death
_more
_painful
_and
_long
_than
_an
!animal
_being
_hung
_in
_a
_poacher
*’s
*snare
_I
_see
_myself
_as
_a
_conservationist
!”
_The
_idea
_that
!hunting
_can
_lead
_to
!conservation
_comes
_down
_to
_the
_fact
_that
_in
_some
!African
_countries
_such
_as
!Zambia
_and
!Zimbabwe
_half
!of
_the
_money
_from
_a
_hunt
_is
_meant
_to
_go
_to
_the
_community
_and
!conservation
_groups
_However
_critics
_say
_that
_in
!Zimbabwe
_less
_than
_05
!of
_the
_countrys
_GDP
_comes
_from
*trophy
!hunting
_itself
_and
_that
_the
_benefits
_often
_fail
_to
_reach
*ordinary
!Zimbabweans
_Meanwhile
_a
!2009
*report
_from
_the
_International
!Union
_for
!Conservation
!of
!Nature
_revealed
_that
_sport
!hunting
_in
_West
!Africa
_does
_not
_provide
_significant
_benefits
_to
_the
_surrounding
_communities
!Zoologist
_Craig
!Packer
_–
_who
_also
_features
_in
_the
!BBC
_Four
_documentary
_disagrees
_with
_Glass
*’s
*justification
_for
!hunting
_“
_To
_Glass
_God
_put
_all
_the
_lions
_on
_Earth
_so
_it
*’s
_fine
_to
_shoot
_them
_What
_he
_implies
_is
_there
*’s
_an
*inexhaustible
*supply
!of
_nature
_but
_that
*’s
_really
_far
_from
_reality
_There
_are
_only
_between
*2030000
!wild
_lions
_left
_in
_North
!Africa
_There
_are
!n’t
_as
_many
_lions
_left
_to
_shoot
_anymore
!”
_Philip
_Glass
_in
*actionBBC
_THREEPHILIP
*GLASS
_Philip
_Glass
_in
_action
_He
_also
*points
_out
_that
_half
!of
_a
!hunting
_fee
_–
_typically
_between
_25000
_and
_50000
_–
_is
!n’t
_enough
_to
_protect
_animals
_from
*poachers
_and
_local
_communities
_“
_The
_difficulty
_in
*conserving
_an
!animal
_like
_the
_lion
_thats
_so
_fierce
_and
_dangerous
_is
_that
_it
*’s
_very
_expensive
_says
!Packer
_Yes
!hunters
_pay
_money
_to
_go
_and
_they
_may
_well
_in
_their
_heart
_believe
_that
_money
_is
_enough
_to
_make
_a
_difference
_But
_it
*’s
_not
_If
_they
_gave
*1
_million
_per
_hunt
_and
!100
!of
_it
_went
_to
!conservation
_then
_that
_would
_be
_closer
_to
_the
*amount
_that
*’s
_needed
!”
!Of
_course
_the
_other
_major
*criticism
!of
*trophy
!hunting
_comes
_from
_animal
_rights
_groups
!PETA
_says
_on
_its
_website
_“
!Hunting
_is
_now
_nothing
_more
_than
_a
_violent
_form
!of
_recreation
_that
_the
_vast
_majority
!of
!hunters
_do
_not
_need
_for
*subsistence
!Hunting
_has
_contributed
_to
_the
!extinction
!of
_animal
!species
_all
_over
_the
_world
_including
_the
!Tasmanian
_tiger
_and
_the
_great
_auk
!”
_The
_animal
_rights
*organisation
_also
_highlights
_the
*pain
_it
_can
_inflict
_on
_animals
_if
_they
_are
_hurt
_and
_not
_killed
_as
_well
_as
_the
_negative
_effect
_on
_natural
!habitats
_and
!ecosystems
_Philip
_Glass
_says
_that
_he
_tries
_very
_hard
_to
_be
*ethical
_with
_killing
_and
_to
_do
_his
_“
_due
_diligence
!”
_He
_explains
_“
_People
_think
_I
_jump
_on
_an
_airplane
_get
_off
_run
_out
_to
_the
!bush
_and
_shoot
_a
_lion
_but
_that
*’s
_not
_even
_close
_to
_the
_real
_process
_I
_plan
_a
*year
_in
_advance
_If
_I
_want
_to
_hunt
_a
_buffalo
_I
_want
_to
_know
_if
_the
_management
!of
_the
_hunt
_I
_book
_has
_a
_good
_success
_rate
_that
_they
_’re
_open
_about
_their
*permits
_and
_that
_they
_’re
_straightup
_and
_honest
_I
_read
*books
_on
*anatomy
_so
_I
_know
_how
_to
_shoot
_an
_animal
_ethically
_causing
_it
_minimum
*pain
_and
_I
_go
_to
_a
_shooting
_school
_for
_dangerous
_game
!hunting
!”
_However
_his
_efforts
_do
_not
_always
*pay
_off
_In
_the
_documentary
_the
_elephant
_he
_shoots
_looks
_like
_it
_is
_in
*pain
_and
_appears
_to
_be
*shrieking
_Glass
_is
_uncomfortable
_about
_this
_and
_says
_he
_thinks
_it
_looks
!exaggerated
_on
_film
_but
_accepts
_“
_It
_is
_hard
_for
_people
_to
_watch
_It
*’s
_upsetting
_to
_me
_just
_the
_same
_as
_it
_is
_to
_you
!”
_Philip
_and
_one
!of
_his
*trophiesBBC
_THREEPHILIP
*GLASS
_Philip
_and
_one
!of
_his
*trophies
_His
_views
_on
_animals
_seem
_conflicted
_He
_calls
_himself
_an
_animal
!lover
_but
_also
_believes
_in
_killing
_them
_for
_sport
_“
_I
_live
_with
_animals
_I
_feed
_them
_care
_for
_them
_and
_hunt
_them
_too
_because
_I
_love
_them
!”
_he
_says
_“
_But
_though
_I
_love
_animals
_I
_do
!n’t
_believe
_they
_have
_any
_rights
_I
_think
_that
*’s
_a
_modern
_myth
_that
*’s
_been
_created
_by
_people
_At
_the
_very
_beginning
!of
_the
!Bible
_when
_God
_mentions
_mankind
_he
_gives
!men
*dominion
_over
_all
_animals
_We
_’re
_in
*charge
_But
_we
_’re
_also
_responsible
_I
_take
_that
_seriously
_and
_try
_to
_be
*ethical
_when
_I
_shoot
!”
_There
_is
_a
_moment
_caught
_on
_film
_when
_he
_shoots
_his
_first
_lion
_and
_cries
_“
_I
_ca
!n’t
_apologise
_for
_that
_rush
!of
_emotion
!”
_he
_says
_“
_It
_was
_a
_mixture
!of
_pride
_and
_joy
_at
_achieving
_a
_dream
_I
_never
_felt
_I
_could
_have
_The
_lion
_is
_something
_I
_never
_thought
_I
_could
_hunt
_It
_was
_the
_most
_gorgeous
_lion
_–
_a
_single
!solitary
!male
_I
_do
!n’t
_feel
_guilty
_about
_shooting
_him
_because
_Im
_certain
_that
_if
_I
_had
!n’t
_he
_would
_have
_died
_being
_torn
!limbtolimb
_by
_other
_lions
!”
_Glass
_says
_he
_is
_aware
_that
_many
_viewers
!of
_the
_documentary
_will
_not
_understand
_his
_views
_–
_that
_they
_will
_see
_him
_as
!cruel
_and
!delusional
_He
_says
_he
_has
_already
*received
_huge
*amounts
!of
_abuse
*online
_particularly
_on
_social
_media
_where
_he
!proudly
_poses
_with
_the
!animals
_he
_has
_shot
_–
_a
_leopardan
_elephant
_a
_baboon
_–
_but
_he
_does
!n’t
_care
_“
_Most
_people
!wo
!n’t
_ever
_understand
_the
_heart
!of
_a
_true
!hunter
!”
_says
_Glass
_“
_Critics
_do
!n’t
_have
_to
_like
_it
_but
_I
_believe
_that
_what
_we
_do
_helps
_wildlife
_I
_appreciate
_their
_heart
_for
_animals
_but
_I
_want
_them
_to
_know
_I
_have
_the
_same
_heart
_I
_just
_do
_things
_in
_a
_different
_way
!”
_Philip
_Glass
_has
_been
!hunting
!wild
_animals
_since
_before
_he
_can
_even
_remember
_It
_started
_with
_rabbits
_and
_squirrels
_progressing
_to
_deer
_when
_he
_was
!10
_and
_now
_that
_he
*’s
!46
_he
*cannot
_begin
_to
_count
_how
_many
_animals
_he
*’s
_killed
_let
_alone
_how
_many
!varieties
_“
_I
!’m
_a
*rancher
_in
_Texas
_and
_predator
!hunting
_is
_part
!of
_my
_life
!”
_he
_explains
_“
_I
_shoot
_coyotes
_and
_deer
_to
_keep
_my
_sheep
_alive
_But
_I
!’m
_also
_a
*trophy
!hunter
_I
_’ve
_shot
_four
_out
!of
_the
_big
_five
_in
!Africa
_a
_lion
_a
_leopard
_a
_buffalo
_and
_an
_elephant
_The
_only
_one
_I
*havent
_shot
_is
_a
_rhino
!”
_His
_journey
_to
_killing
_a
_lion
_and
_elephant
_is
!documented
_in
_the
!BBC
_Four
_documentary
!Trophy
_The
!Big
_Game
!Hunting
_Controversy
_It
_is
_difficult
_viewing
_for
_animal
_lovers
_Glass
_is
_seen
_shooting
_an
_elephant
_that
_lies
_on
_the
_ground
!moaning
_in
*pain
_and
!distress
_before
_it
_finally
_dies
_And
_a
_strong
!male
_lion
_is
_shot
_in
_its
_natural
!habitat
_And
_Glass
_discusses
_the
!20
*trophies
_he
_has
_on
_his
_walls
_at
_home
_–
_the
_“
_coolest
!”
!of
_which
_he
_says
_is
_a
_giraffe
_“
_For
_most
!hunters
_an
_animal
_head
_on
_the
_wall
_is
_a
*memory
!of
_a
_very
_special
_time
_in
_their
_lives
!”
_he
_says
_“
_It
*’s
_not
_just
_a
!dusty
*trophy
_–
_it
*’s
_a
_reverence
_When
_I
_see
_my
*trophies
_I
_remember
_the
_rush
_and
_thrill
!of
_each
!of
_those
*hunts
_I
_thank
_God
_for
_those
_animals
_and
_those
_trips
_where
_I
_got
_to
_travel
_the
_world
_and
_see
_them
_in
_their
_natural
!habitats
!”
_Philip
!GlassBBC
_THREEPHILIP
*GLASS
_Philip
_Glass
_Nowadays
*trophy
!hunting
_is
_often
_seen
_as
!brutally
!cruel
_and
_unnecessary
_When
*Cecil
_the
_Lion
_was
_shot
_in
_2015
_there
_was
_widespread
*outrage
_The
_lion
_was
_a
_known
*favourite
_at
_a
_national
!park
_but
_was
_killed
_when
_he
_was
_outside
_the
!parks
!boundaries
_–
_which
_is
_legal
_It
_was
!insinuated
_that
_he
_was
*lured
_off
_the
!park
_but
!Zimbabwe
_dropped
_all
*charges
_against
_the
!hunter
_in
*question
_It
_led
_to
_petitions
_where
_thousands
_called
_for
_justice
_for
*Cecil
_Glass
_says
_he
_accepts
_the
_viewpoint
_that
_killing
_wildanimals
_for
_pleasure
_is
_upsetting
_and
_gratuitous
_But
_he
_defends
_himself
_by
_pointing
_out
_that
_what
_he
_does
_is
_legal
_He
_says
*trophy
!hunters
_are
_nothing
_like
*poachers
_who
_illegally
_kill
!endangered
_animals
_to
_sell
_on
_their
_parts
_–
_such
_as
*ivory
_or
_rhino
!horns
_and
_that
_licensed
!hunters
_pay
_a
*large
_fee
_to
_governmentapproved
!organisations
_that
_can
_go
_up
_to
_six
_figures
_“
_I
!’m
_completely
_antipoaching
!”
_says
_Glass
_“
_It
*’s
_against
_the
_law
_and
_there
*’s
_no
_death
_more
_painful
_and
_long
_than
_an
!animal
_being
_hung
_in
_a
_poacher
*’s
*snare
_I
_see
_myself
_as
_a
_conservationist
!”
_The
_idea
_that
!hunting
_can
_lead
_to
!conservation
_comes
_down
_to
_the
_fact
_that
_in
_some
!African
_countries
_such
_as
!Zambia
_and
!Zimbabwe
_half
!of
_the
_money
_from
_a
_hunt
_is
_meant
_to
_go
_to
_the
_community
_and
!conservation
_groups
_However
_critics
_say
_that
_in
!Zimbabwe
_less
_than
_05
!of
_the
_countrys
_GDP
_comes
_from
*trophy
!hunting
_itself
_and
_that
_the
_benefits
_often
_fail
_to
_reach
*ordinary
!Zimbabweans
_Meanwhile
_a
!2009
*report
_from
_the
_International
!Union
_for
!Conservation
!of
!Nature
_revealed
_that
_sport
!hunting
_in
_West
!Africa
_does
_not
_provide
_significant
_benefits
_to
_the
_surrounding
_communities
!Zoologist
_Craig
!Packer
_–
_who
_also
_features
_in
_the
!BBC
_Four
_documentary
_disagrees
_with
_Glass
*’s
*justification
_for
!hunting
_“
_To
_Glass
_God
_put
_all
_the
_lions
_on
_Earth
_so
_it
*’s
_fine
_to
_shoot
_them
_What
_he
_implies
_is
_there
*’s
_an
*inexhaustible
*supply
!of
_nature
_but
_that
*’s
_really
_far
_from
_reality
_There
_are
_only
_between
*2030000
!wild
_lions
_left
_in
_North
!Africa
_There
_are
!n’t
_as
_many
_lions
_left
_to
_shoot
_anymore
!”
_Philip
_Glass
_in
*actionBBC
_THREEPHILIP
*GLASS
_Philip
_Glass
_in
_action
_He
_also
*points
_out
_that
_half
!of
_a
!hunting
_fee
_–
_typically
_between
_25000
_and
_50000
_–
_is
!n’t
_enough
_to
_protect
_animals
_from
*poachers
_and
_local
_communities
_“
_The
_difficulty
_in
*conserving
_an
!animal
_like
_the
_lion
_thats
_so
_fierce
_and
_dangerous
_is
_that
_it
*’s
_very
_expensive
_says
!Packer
_Yes
!hunters
_pay
_money
_to
_go
_and
_they
_may
_well
_in
_their
_heart
_believe
_that
_money
_is
_enough
_to
_make
_a
_difference
_But
_it
*’s
_not
_If
_they
_gave
*1
_million
_per
_hunt
_and
!100
!of
_it
_went
_to
!conservation
_then
_that
_would
_be
_closer
_to
_the
*amount
_that
*’s
_needed
!”
!Of
_course
_the
_other
_major
*criticism
!of
*trophy
!hunting
_comes
_from
_animal
_rights
_groups
!PETA
_says
_on
_its
_website
_“
!Hunting
_is
_now
_nothing
_more
_than
_a
_violent
_form
!of
_recreation
_that
_the
_vast
_majority
!of
!hunters
_do
_not
_need
_for
*subsistence
!Hunting
_has
_contributed
_to
_the
!extinction
!of
_animal
!species
_all
_over
_the
_world
_including
_the
!Tasmanian
_tiger
_and
_the
_great
_auk
!”
_The
_animal
_rights
*organisation
_also
_highlights
_the
*pain
_it
_can
_inflict
_on
_animals
_if
_they
_are
_hurt
_and
_not
_killed
_as
_well
_as
_the
_negative
_effect
_on
_natural
!habitats
_and
!ecosystems
_Philip
_Glass
_says
_that
_he
_tries
_very
_hard
_to
_be
*ethical
_with
_killing
_and
_to
_do
_his
_“
_due
_diligence
!”
_He
_explains
_“
_People
_think
_I
_jump
_on
_an
_airplane
_get
_off
_run
_out
_to
_the
!bush
_and
_shoot
_a
_lion
_but
_that
*’s
_not
_even
_close
_to
_the
_real
_process
_I
_plan
_a
*year
_in
_advance
_If
_I
_want
_to
_hunt
_a
_buffalo
_I
_want
_to
_know
_if
_the
_management
!of
_the
_hunt
_I
_book
_has
_a
_good
_success
_rate
_that
_they
_’re
_open
_about
_their
*permits
_and
_that
_they
_’re
_straightup
_and
_honest
_I
_read
*books
_on
*anatomy
_so
_I
_know
_how
_to
_shoot
_an
_animal
_ethically
_causing
_it
_minimum
*pain
_and
_I
_go
_to
_a
_shooting
_school
_for
_dangerous
_game
!hunting
!”
_However
_his
_efforts
_do
_not
_always
*pay
_off
_In
_the
_documentary
_the
_elephant
_he
_shoots
_looks
_like
_it
_is
_in
*pain
_and
_appears
_to
_be
*shrieking
_Glass
_is
_uncomfortable
_about
_this
_and
_says
_he
_thinks
_it
_looks
!exaggerated
_on
_film
_but
_accepts
_“
_It
_is
_hard
_for
_people
_to
_watch
_It
*’s
_upsetting
_to
_me
_just
_the
_same
_as
_it
_is
_to
_you
!”
_Philip
_and
_one
!of
_his
*trophiesBBC
_THREEPHILIP
*GLASS
_Philip
_and
_one
!of
_his
*trophies
_His
_views
_on
_animals
_seem
_conflicted
_He
_calls
_himself
_an
_animal
!lover
_but
_also
_believes
_in
_killing
_them
_for
_sport
_“
_I
_live
_with
_animals
_I
_feed
_them
_care
_for
_them
_and
_hunt
_them
_too
_because
_I
_love
_them
!”
_he
_says
_“
_But
_though
_I
_love
_animals
_I
_do
!n’t
_believe
_they
_have
_any
_rights
_I
_think
_that
*’s
_a
_modern
_myth
_that
*’s
_been
_created
_by
_people
_At
_the
_very
_beginning
!of
_the
!Bible
_when
_God
_mentions
_mankind
_he
_gives
!men
*dominion
_over
_all
_animals
_We
_’re
_in
*charge
_But
_we
_’re
_also
_responsible
_I
_take
_that
_seriously
_and
_try
_to
_be
*ethical
_when
_I
_shoot
!”
_There
_is
_a
_moment
_caught
_on
_film
_when
_he
_shoots
_his
_first
_lion
_and
_cries
_“
_I
_ca
!n’t
_apologise
_for
_that
_rush
!of
_emotion
!”
_he
_says
_“
_It
_was
_a
_mixture
!of
_pride
_and
_joy
_at
_achieving
_a
_dream
_I
_never
_felt
_I
_could
_have
_The
_lion
_is
_something
_I
_never
_thought
_I
_could
_hunt
_It
_was
_the
_most
_gorgeous
_lion
_–
_a
_single
!solitary
!male
_I
_do
!n’t
_feel
_guilty
_about
_shooting
_him
_because
_Im
_certain
_that
_if
_I
_had
!n’t
_he
_would
_have
_died
_being
_torn
!limbtolimb
_by
_other
_lions
!”
_Glass
_says
_he
_is
_aware
_that
_many
_viewers
!of
_the
_documentary
_will
_not
_understand
_his
_views
_–
_that
_they
_will
_see
_him
_as
!cruel
_and
!delusional
_He
_says
_he
_has
_already
*received
_huge
*amounts
!of
_abuse
*online
_particularly
_on
_social
_media
_where
_he
!proudly
_poses
_with
_the
!animals
_he
_has
_shot
_–
_a
_leopardan
_elephant
_a
_baboon
_–
_but
_he
_does
!n’t
_care
_“
_Most
_people
!wo
!n’t
_ever
_understand
_the
_heart
!of
_a
_true
!hunter
!”
_says
_Glass
_“
_Critics
_do
!n’t
_have
_to
_like
_it
_but
_I
_believe
_that
_what
_we
_do
_helps
_wildlife
_I
_appreciate
_their
_heart
_for
_animals
_but
_I
_want
_them
_to
_know
_I
_have
_the
_same
_heart
_I
_just
_do
_things
_in
_a
_different
_way
!”
_Philip
_Glass
_has
_been
!hunting
!wild
_animals
_since
_before
_he
_can
_even
_remember
_It
_started
_with
_rabbits
_and
_squirrels
_progressing
_to
_deer
_when
_he
_was
!10
_and
_now
_that
_he
*’s
!46
_he
*cannot
_begin
_to
_count
_how
_many
_animals
_he
*’s
_killed
_let
_alone
_how
_many
!varieties
_“
_I
!’m
_a
*rancher
_in
_Texas
_and
_predator
!hunting
_is
_part
!of
_my
_life
!”
_he
_explains
_“
_I
_shoot
_coyotes
_and
_deer
_to
_keep
_my
_sheep
_alive
_But
_I
!’m
_also
_a
*trophy
!hunter
_I
_’ve
_shot
_four
_out
!of
_the
_big
_five
_in
!Africa
_a
_lion
_a
_leopard
_a
_buffalo
_and
_an
_elephant
_The
_only
_one
_I
*havent
_shot
_is
_a
_rhino
!”
_His
_journey
_to
_killing
_a
_lion
_and
_elephant
_is
!documented
_in
_the
!BBC
_Four
_documentary
!Trophy
_The
!Big
_Game
!Hunting
_Controversy
_It
_is
_difficult
_viewing
_for
_animal
_lovers
_Glass
_is
_seen
_shooting
_an
_elephant
_that
_lies
_on
_the
_ground
!moaning
_in
*pain
_and
!distress
_before
_it
_finally
_dies
_And
_a
_strong
!male
_lion
_is
_shot
_in
_its
_natural
!habitat
_And
_Glass
_discusses
_the
!20
*trophies
_he
_has
_on
_his
_walls
_at
_home
_–
_the
_“
_coolest
!”
!of
_which
_he
_says
_is
_a
_giraffe
_“
_For
_most
!hunters
_an
_animal
_head
_on
_the
_wall
_is
_a
*memory
!of
_a
_very
_special
_time
_in
_their
_lives
!”
_he
_says
_“
_It
*’s
_not
_just
_a
!dusty
*trophy
_–
_it
*’s
_a
_reverence
_When
_I
_see
_my
*trophies
_I
_remember
_the
_rush
_and
_thrill
!of
_each
!of
_those
*hunts
_I
_thank
_God
_for
_those
_animals
_and
_those
_trips
_where
_I
_got
_to
_travel
_the
_world
_and
_see
_them
_in
_their
_natural
!habitats
!”
_Philip
!GlassBBC
_THREEPHILIP
*GLASS
_Philip
_Glass
_Nowadays
*trophy
!hunting
_is
_often
_seen
_as
!brutally
!cruel
_and
_unnecessary
_When
*Cecil
_the
_Lion
_was
_shot
_in
_2015
_there
_was
_widespread
*outrage
_The
_lion
_was
_a
_known
*favourite
_at
_a
_national
!park
_but
_was
_killed
_when
_he
_was
_outside
_the
!parks
!boundaries
_–
_which
_is
_legal
_It
_was
!insinuated
_that
_he
_was
*lured
_off
_the
!park
_but
!Zimbabwe
_dropped
_all
*charges
_against
_the
!hunter
_in
*question
_It
_led
_to
_petitions
_where
_thousands
_called
_for
_justice
_for
*Cecil
_Glass
_says
_he
_accepts
_the
_viewpoint
_that
_killing
_wildanimals
_for
_pleasure
_is
_upsetting
_and
_gratuitous
_But
_he
_defends
_himself
_by
_pointing
_out
_that
_what
_he
_does
_is
_legal
_He
_says
*trophy
!hunters
_are
_nothing
_like
*poachers
_who
_illegally
_kill
!endangered
_animals
_to
_sell
_on
_their
_parts
_–
_such
_as
*ivory
_or
_rhino
!horns
_and
_that
_licensed
!hunters
_pay
_a
*large
_fee
_to
_governmentapproved
!organisations
_that
_can
_go
_up
_to
_six
_figures
_“
_I
!’m
_completely
_antipoaching
!”
_says
_Glass
_“
_It
*’s
_against
_the
_law
_and
_there
*’s
_no
_death
_more
_painful
_and
_long
_than
_an
!animal
_being
_hung
_in
_a
_poacher
*’s
*snare
_I
_see
_myself
_as
_a
_conservationist
!”
_The
_idea
_that
!hunting
_can
_lead
_to
!conservation
_comes
_down
_to
_the
_fact
_that
_in
_some
!African
_countries
_such
_as
!Zambia
_and
!Zimbabwe
_half
!of
_the
_money
_from
_a
_hunt
_is
_meant
_to
_go
_to
_the
_community
_and
!conservation
_groups
_However
_critics
_say
_that
_in
!Zimbabwe
_less
_than
_05
!of
_the
_countrys
_GDP
_comes
_from
*trophy
!hunting
_itself
_and
_that
_the
_benefits
_often
_fail
_to
_reach
*ordinary
!Zimbabweans
_Meanwhile
_a
!2009
*report
_from
_the
_International
!Union
_for
!Conservation
!of
!Nature
_revealed
_that
_sport
!hunting
_in
_West
!Africa
_does
_not
_provide
_significant
_benefits
_to
_the
_surrounding
_communities
!Zoologist
_Craig
!Packer
_–
_who
_also
_features
_in
_the
!BBC
_Four
_documentary
_disagrees
_with
_Glass
*’s
*justification
_for
!hunting
_“
_To
_Glass
_God
_put
_all
_the
_lions
_on
_Earth
_so
_it
*’s
_fine
_to
_shoot
_them
_What
_he
_implies
_is
_there
*’s
_an
*inexhaustible
*supply
!of
_nature
_but
_that
*’s
_really
_far
_from
_reality
_There
_are
_only
_between
*2030000
!wild
_lions
_left
_in
_North
!Africa
_There
_are
!n’t
_as
_many
_lions
_left
_to
_shoot
_anymore
!”
_Philip
_Glass
_in
*actionBBC
_THREEPHILIP
*GLASS
_Philip
_Glass
_in
_action
_He
_also
*points
_out
_that
_half
!of
_a
!hunting
_fee
_–
_typically
_between
_25000
_and
_50000
_–
_is
!n’t
_enough
_to
_protect
_animals
_from
*poachers
_and
_local
_communities
_“
_The
_difficulty
_in
*conserving
_an
!animal
_like
_the
_lion
_thats
_so
_fierce
_and
_dangerous
_is
_that
_it
*’s
_very
_expensive
_says
!Packer
_Yes
!hunters
_pay
_money
_to
_go
_and
_they
_may
_well
_in
_their
_heart
_believe
_that
_money
_is
_enough
_to
_make
_a
_difference
_But
_it
*’s
_not
_If
_they
_gave
*1
_million
_per
_hunt
_and
!100
!of
_it
_went
_to
!conservation
_then
_that
_would
_be
_closer
_to
_the
*amount
_that
*’s
_needed
!”
!Of
_course
_the
_other
_major
*criticism
!of
*trophy
!hunting
_comes
_from
_animal
_rights
_groups
!PETA
_says
_on
_its
_website
_“
!Hunting
_is
_now
_nothing
_more
_than
_a
_violent
_form
!of
_recreation
_that
_the
_vast
_majority
!of
!hunters
_do
_not
_need
_for
*subsistence
!Hunting
_has
_contributed
_to
_the
!extinction
!of
_animal
!species
_all
_over
_the
_world
_including
_the
!Tasmanian
_tiger
_and
_the
_great
_auk
!”
_The
_animal
_rights
*organisation
_also
_highlights
_the
*pain
_it
_can
_inflict
_on
_animals
_if
_they
_are
_hurt
_and
_not
_killed
_as
_well
_as
_the
_negative
_effect
_on
_natural
!habitats
_and
!ecosystems
_Philip
_Glass
_says
_that
_he
_tries
_very
_hard
_to
_be
*ethical
_with
_killing
_and
_to
_do
_his
_“
_due
_diligence
!”
_He
_explains
_“
_People
_think
_I
_jump
_on
_an
_airplane
_get
_off
_run
_out
_to
_the
!bush
_and
_shoot
_a
_lion
_but
_that
*’s
_not
_even
_close
_to
_the
_real
_process
_I
_plan
_a
*year
_in
_advance
_If
_I
_want
_to
_hunt
_a
_buffalo
_I
_want
_to
_know
_if
_the
_management
!of
_the
_hunt
_I
_book
_has
_a
_good
_success
_rate
_that
_they
_’re
_open
_about
_their
*permits
_and
_that
_they
_’re
_straightup
_and
_honest
_I
_read
*books
_on
*anatomy
_so
_I
_know
_how
_to
_shoot
_an
_animal
_ethically
_causing
_it
_minimum
*pain
_and
_I
_go
_to
_a
_shooting
_school
_for
_dangerous
_game
!hunting
!”
_However
_his
_efforts
_do
_not
_always
*pay
_off
_In
_the
_documentary
_the
_elephant
_he
_shoots
_looks
_like
_it
_is
_in
*pain
_and
_appears
_to
_be
*shrieking
_Glass
_is
_uncomfortable
_about
_this
_and
_says
_he
_thinks
_it
_looks
!exaggerated
_on
_film
_but
_accepts
_“
_It
_is
_hard
_for
_people
_to
_watch
_It
*’s
_upsetting
_to
_me
_just
_the
_same
_as
_it
_is
_to
_you
!”
_Philip
_and
_one
!of
_his
*trophiesBBC
_THREEPHILIP
*GLASS
_Philip
_and
_one
!of
_his
*trophies
_His
_views
_on
_animals
_seem
_conflicted
_He
_calls
_himself
_an
_animal
!lover
_but
_also
_believes
_in
_killing
_them
_for
_sport
_“
_I
_live
_with
_animals
_I
_feed
_them
_care
_for
_them
_and
_hunt
_them
_too
_because
_I
_love
_them
!”
_he
_says
_“
_But
_though
_I
_love
_animals
_I
_do
!n’t
_believe
_they
_have
_any
_rights
_I
_think
_that
*’s
_a
_modern
_myth
_that
*’s
_been
_created
_by
_people
_At
_the
_very
_beginning
!of
_the
!Bible
_when
_God
_mentions
_mankind
_he
_gives
!men
*dominion
_over
_all
_animals
_We
_’re
_in
*charge
_But
_we
_’re
_also
_responsible
_I
_take
_that
_seriously
_and
_try
_to
_be
*ethical
_when
_I
_shoot
!”
_There
_is
_a
_moment
_caught
_on
_film
_when
_he
_shoots
_his
_first
_lion
_and
_cries
_“
_I
_ca
!n’t
_apologise
_for
_that
_rush
!of
_emotion
!”
_he
_says
_“
_It
_was
_a
_mixture
!of
_pride
_and
_joy
_at
_achieving
_a
_dream
_I
_never
_felt
_I
_could
_have
_The
_lion
_is
_something
_I
_never
_thought
_I
_could
_hunt
_It
_was
_the
_most
_gorgeous
_lion
_–
_a
_single
!solitary
!male
_I
_do
!n’t
_feel
_guilty
_about
_shooting
_him
_because
_Im
_certain
_that
_if
_I
_had
!n’t
_he
_would
_have
_died
_being
_torn
!limbtolimb
_by
_other
_lions
!”
_Glass
_says
_he
_is
_aware
_that
_many
_viewers
!of
_the
_documentary
_will
_not
_understand
_his
_views
_–
_that
_they
_will
_see
_him
_as
!cruel
_and
!delusional
_He
_says
_he
_has
_already
*received
_huge
*amounts
!of
_abuse
*online
_particularly
_on
_social
_media
_where
_he
!proudly
_poses
_with
_the
!animals
_he
_has
_shot
_–
_a
_leopardan
_elephant
_a
_baboon
_–
_but
_he
_does
!n’t
_care
_“
_Most
_people
!wo
!n’t
_ever
_understand
_the
_heart
!of
_a
_true
!hunter
!”
_says
_Glass
_“
_Critics
_do
!n’t
_have
_to
_like
_it
_but
_I
_believe
_that
_what
_we
_do
_helps
_wildlife
_I
_appreciate
_their
_heart
_for
_animals
_but
_I
_want
_them
_to
_know
_I
_have
_the
_same
_heart
_I
_just
_do
_things
_in
_a
_different
_way
!”
_Philip
_Glass
_has
_been
!hunting
!wild
_animals
_since
_before
_he
_can
_even
_remember
_It
_started
_with
_rabbits
_and
_squirrels
_progressing
_to
_deer
_when
_he
_was
!10
_and
_now
_that
_he
*’s
!46
_he
*cannot
_begin
_to
_count
_how
_many
_animals
_he
*’s
_killed
_let
_alone
_how
_many
!varieties
_“
_I
!’m
_a
*rancher
_in
_Texas
_and
_predator
!hunting
_is
_part
!of
_my
_life
!”
_he
_explains
_“
_I
_shoot
_coyotes
_and
_deer
_to
_keep
_my
_sheep
_alive
_But
_I
!’m
_also
_a
*trophy
!hunter
_I
_’ve
_shot
_four
_out
!of
_the
_big
_five
_in
!Africa
_a
_lion
_a
_leopard
_a
_buffalo
_and
_an
_elephant
_The
_only
_one
_I
*havent
_shot
_is
_a
_rhino
!”
_His
_journey
_to
_killing
_a
_lion
_and
_elephant
_is
!documented
_in
_the
!BBC
_Four
_documentary
!Trophy
_The
!Big
_Game
!Hunting
_Controversy
_It
_is
_difficult
_viewing
_for
_animal
_lovers
_Glass
_is
_seen
_shooting
_an
_elephant
_that
_lies
_on
_the
_ground
!moaning
_in
*pain
_and
!distress
_before
_it
_finally
_dies
_And
_a
_strong
!male
_lion
_is
_shot
_in
_its
_natural
!habitat
_And
_Glass
_discusses
_the
!20
*trophies
_he
_has
_on
_his
_walls
_at
_home
_–
_the
_“
_coolest
!”
!of
_which
_he
_says
_is
_a
_giraffe
_“
_For
_most
!hunters
_an
_animal
_head
_on
_the
_wall
_is
_a
*memory
!of
_a
_very
_special
_time
_in
_their
_lives
!”
_he
_says
_“
_It
*’s
_not
_just
_a
!dusty
*trophy
_–
_it
*’s
_a
_reverence
_When
_I
_see
_my
*trophies
_I
_remember
_the
_rush
_and
_thrill
!of
_each
!of
_those
*hunts
_I
_thank
_God
_for
_those
_animals
_and
_those
_trips
_where
_I
_got
_to
_travel
_the
_world
_and
_see
_them
_in
_their
_natural
!habitats
!”
_Philip
!GlassBBC
_THREEPHILIP
*GLASS
_Philip
_Glass
_Nowadays
*trophy
!hunting
_is
_often
_seen
_as
!brutally
!cruel
_and
_unnecessary
_When
*Cecil
_the
_Lion
_was
_shot
_in
_2015
_there
_was
_widespread
*outrage
_The
_lion
_was
_a
_known
*favourite
_at
_a
_national
!park
_but
_was
_killed
_when
_he
_was
_outside
_the
!parks
!boundaries
_–
_which
_is
_legal
_It
_was
!insinuated
_that
_he
_was
*lured
_off
_the
!park
_but
!Zimbabwe
_dropped
_all
*charges
_against
_the
!hunter
_in
*question
_It
_led
_to
_petitions
_where
_thousands
_called
_for
_justice
_for
*Cecil
_Glass
_says
_he
_accepts
_the
_viewpoint
_that
_killing
_wildanimals
_for
_pleasure
_is
_upsetting
_and
_gratuitous
_But
_he
_defends
_himself
_by
_pointing
_out
_that
_what
_he
_does
_is
_legal
_He
_says
*trophy
!hunters
_are
_nothing
_like
*poachers
_who
_illegally
_kill
!endangered
_animals
_to
_sell
_on
_their
_parts
_–
_such
_as
*ivory
_or
_rhino
!horns
_and
_that
_licensed
!hunters
_pay
_a
*large
_fee
_to
_governmentapproved
!organisations
_that
_can
_go
_up
_to
_six
_figures
_“
_I
!’m
_completely
_antipoaching
!”
_says
_Glass
_“
_It
*’s
_against
_the
_law
_and
_there
*’s
_no
_death
_more
_painful
_and
_long
_than
_an
!animal
_being
_hung
_in
_a
_poacher
*’s
*snare
_I
_see
_myself
_as
_a
_conservationist
!”
_The
_idea
_that
!hunting
_can
_lead
_to
!conservation
_comes
_down
_to
_the
_fact
_that
_in
_some
!African
_countries
_such
_as
!Zambia
_and
!Zimbabwe
_half
!of
_the
_money
_from
_a
_hunt
_is
_meant
_to
_go
_to
_the
_community
_and
!conservation
_groups
_However
_critics
_say
_that
_in
!Zimbabwe
_less
_than
_05
!of
_the
_countrys
_GDP
_comes
_from
*trophy
!hunting
_itself
_and
_that
_the
_benefits
_often
_fail
_to
_reach
*ordinary
!Zimbabweans
_Meanwhile
_a
!2009
*report
_from
_the
_International
!Union
_for
!Conservation
!of
!Nature
_revealed
_that
_sport
!hunting
_in
_West
!Africa
_does
_not
_provide
_significant
_benefits
_to
_the
_surrounding
_communities
!Zoologist
_Craig
!Packer
_–
_who
_also
_features
_in
_the
!BBC
_Four
_documentary
_disagrees
_with
_Glass
*’s
*justification
_for
!hunting
_“
_To
_Glass
_God
_put
_all
_the
_lions
_on
_Earth
_so
_it
*’s
_fine
_to
_shoot
_them
_What
_he
_implies
_is
_there
*’s
_an
*inexhaustible
*supply
!of
_nature
_but
_that
*’s
_really
_far
_from
_reality
_There
_are
_only
_between
*2030000
!wild
_lions
_left
_in
_North
!Africa
_There
_are
!n’t
_as
_many
_lions
_left
_to
_shoot
_anymore
!”
_Philip
_Glass
_in
*actionBBC
_THREEPHILIP
*GLASS
_Philip
_Glass
_in
_action
_He
_also
*points
_out
_that
_half
!of
_a
!hunting
_fee
_–
_typically
_between
_25000
_and
_50000
_–
_is
!n’t
_enough
_to
_protect
_animals
_from
*poachers
_and
_local
_communities
_“
_The
_difficulty
_in
*conserving
_an
!animal
_like
_the
_lion
_thats
_so
_fierce
_and
_dangerous
_is
_that
_it
*’s
_very
_expensive
_says
!Packer
_Yes
!hunters
_pay
_money
_to
_go
_and
_they
_may
_well
_in
_their
_heart
_believe
_that
_money
_is
_enough
_to
_make
_a
_difference
_But
_it
*’s
_not
_If
_they
_gave
*1
_million
_per
_hunt
_and
!100
!of
_it
_went
_to
!conservation
_then
_that
_would
_be
_closer
_to
_the
*amount
_that
*’s
_needed
!”
!Of
_course
_the
_other
_major
*criticism
!of
*trophy
!hunting
_comes
_from
_animal
_rights
_groups
!PETA
_says
_on
_its
_website
_“
!Hunting
_is
_now
_nothing
_more
_than
_a
_violent
_form
!of
_recreation
_that
_the
_vast
_majority
!of
!hunters
_do
_not
_need
_for
*subsistence
!Hunting
_has
_contributed
_to
_the
!extinction
!of
_animal
!species
_all
_over
_the
_world
_including
_the
!Tasmanian
_tiger
_and
_the
_great
_auk
!”
_The
_animal
_rights
*organisation
_also
_highlights
_the
*pain
_it
_can
_inflict
_on
_animals
_if
_they
_are
_hurt
_and
_not
_killed
_as
_well
_as
_the
_negative
_effect
_on
_natural
!habitats
_and
!ecosystems
_Philip
_Glass
_says
_that
_he
_tries
_very
_hard
_to
_be
*ethical
_with
_killing
_and
_to
_do
_his
_“
_due
_diligence
!”
_He
_explains
_“
_People
_think
_I
_jump
_on
_an
_airplane
_get
_off
_run
_out
_to
_the
!bush
_and
_shoot
_a
_lion
_but
_that
*’s
_not
_even
_close
_to
_the
_real
_process
_I
_plan
_a
*year
_in
_advance
_If
_I
_want
_to
_hunt
_a
_buffalo
_I
_want
_to
_know
_if
_the
_management
!of
_the
_hunt
_I
_book
_has
_a
_good
_success
_rate
_that
_they
_’re
_open
_about
_their
*permits
_and
_that
_they
_’re
_straightup
_and
_honest
_I
_read
*books
_on
*anatomy
_so
_I
_know
_how
_to
_shoot
_an
_animal
_ethically
_causing
_it
_minimum
*pain
_and
_I
_go
_to
_a
_shooting
_school
_for
_dangerous
_game
!hunting
!”
_However
_his
_efforts
_do
_not
_always
*pay
_off
_In
_the
_documentary
_the
_elephant
_he
_shoots
_looks
_like
_it
_is
_in
*pain
_and
_appears
_to
_be
*shrieking
_Glass
_is
_uncomfortable
_about
_this
_and
_says
_he
_thinks
_it
_looks
!exaggerated
_on
_film
_but
_accepts
_“
_It
_is
_hard
_for
_people
_to
_watch
_It
*’s
_upsetting
_to
_me
_just
_the
_same
_as
_it
_is
_to
_you
!”
_Philip
_and
_one
!of
_his
*trophiesBBC
_THREEPHILIP
*GLASS
_Philip
_and
_one
!of
_his
*trophies
_His
_views
_on
_animals
_seem
_conflicted
_He
_calls
_himself
_an
_animal
!lover
_but
_also
_believes
_in
_killing
_them
_for
_sport
_“
_I
_live
_with
_animals
_I
_feed
_them
_care
_for
_them
_and
_hunt
_them
_too
_because
_I
_love
_them
!”
_he
_says
_“
_But
_though
_I
_love
_animals
_I
_do
!n’t
_believe
_they
_have
_any
_rights
_I
_think
_that
*’s
_a
_modern
_myth
_that
*’s
_been
_created
_by
_people
_At
_the
_very
_beginning
!of
_the
!Bible
_when
_God
_mentions
_mankind
_he
_gives
!men
*dominion
_over
_all
_animals
_We
_’re
_in
*charge
_But
_we
_’re
_also
_responsible
_I
_take
_that
_seriously
_and
_try
_to
_be
*ethical
_when
_I
_shoot
!”
_There
_is
_a
_moment
_caught
_on
_film
_when
_he
_shoots
_his
_first
_lion
_and
_cries
_“
_I
_ca
!n’t
_apologise
_for
_that
_rush
!of
_emotion
!”
_he
_says
_“
_It
_was
_a
_mixture
!of
_pride
_and
_joy
_at
_achieving
_a
_dream
_I
_never
_felt
_I
_could
_have
_The
_lion
_is
_something
_I
_never
_thought
_I
_could
_hunt
_It
_was
_the
_most
_gorgeous
_lion
_–
_a
_single
!solitary
!male
_I
_do
!n’t
_feel
_guilty
_about
_shooting
_him
_because
_Im
_certain
_that
_if
_I
_had
!n’t
_he
_would
_have
_died
_being
_torn
!limbtolimb
_by
_other
_lions
!”
_Glass
_says
_he
_is
_aware
_that
_many
_viewers
!of
_the
_documentary
_will
_not
_understand
_his
_views
_–
_that
_they
_will
_see
_him
_as
!cruel
_and
!delusional
_He
_says
_he
_has
_already
*received
_huge
*amounts
!of
_abuse
*online
_particularly
_on
_social
_media
_where
_he
!proudly
_poses
_with
_the
!animals
_he
_has
_shot
_–
_a
_leopardan
_elephant
_a
_baboon
_–
_but
_he
_does
!n’t
_care
_“
_Most
_people
!wo
!n’t
_ever
_understand
_the
_heart
!of
_a
_true
!hunter
!”
_says
_Glass
_“
_Critics
_do
!n’t
_have
_to
_like
_it
_but
_I
_believe
_that
_what
_we
_do
_helps
_wildlife
_I
_appreciate
_their
_heart
_for
_animals
_but
_I
_want
_them
_to
_know
_I
_have
_the
_same
_heart
_I
_just
_do
_things
_in
_a
_different
_way
!”
_Philip
_Glass
_has
_been
!hunting
!wild
_animals
_since
_before
_he
_can
_even
_remember
_It
_started
_with
_rabbits
_and
_squirrels
_progressing
_to
_deer
_when
_he
_was
!10
_and
_now
_that
_he
*’s
!46
_he
*cannot
_begin
_to
_count
_how
_many
_animals
_he
*’s
_killed
_let
_alone
_how
_many
!varieties
_“
_I
!’m
_a
*rancher
_in
_Texas
_and
_predator
!hunting
_is
_part
!of
_my
_life
!”
_he
_explains
_“
_I
_shoot
_coyotes
_and
_deer
_to
_keep
_my
_sheep
_alive
_But
_I
!’m
_also
_a
*trophy
!hunter
_I
_’ve
_shot
_four
_out
!of
_the
_big
_five
_in
!Africa
_a
_lion
_a
_leopard
_a
_buffalo
_and
_an
_elephant
_The
_only
_one
_I
*havent
_shot
_is
_a
_rhino
!”
_His
_journey
_to
_killing
_a
_lion
_and
_elephant
_is
!documented
_in
_the
!BBC
_Four
_documentary
!Trophy
_The
!Big
_Game
!Hunting
_Controversy
_It
_is
_difficult
_viewing
_for
_animal
_lovers
_Glass
_is
_seen
_shooting
_an
_elephant
_that
_lies
_on
_the
_ground
!moaning
_in
*pain
_and
!distress
_before
_it
_finally
_dies
_And
_a
_strong
!male
_lion
_is
_shot
_in
_its
_natural
!habitat
_And
_Glass
_discusses
_the
!20
*trophies
_he
_has
_on
_his
_walls
_at
_home
_–
_the
_“
_coolest
!”
!of
_which
_he
_says
_is
_a
_giraffe
_“
_For
_most
!hunters
_an
_animal
_head
_on
_the
_wall
_is
_a
*memory
!of
_a
_very
_special
_time
_in
_their
_lives
!”
_he
_says
_“
_It
*’s
_not
_just
_a
!dusty
*trophy
_–
_it
*’s
_a
_reverence
_When
_I
_see
_my
*trophies
_I
_remember
_the
_rush
_and
_thrill
!of
_each
!of
_those
*hunts
_I
_thank
_God
_for
_those
_animals
_and
_those
_trips
_where
_I
_got
_to
_travel
_the
_world
_and
_see
_them
_in
_their
_natural
!habitats
!”
_Philip
!GlassBBC
_THREEPHILIP
*GLASS
_Philip
_Glass
_Nowadays
*trophy
!hunting
_is
_often
_seen
_as
!brutally
!cruel
_and
_unnecessary
_When
*Cecil
_the
_Lion
_was
_shot
_in
_2015
_there
_was
_widespread
*outrage
_The
_lion
_was
_a
_known
*favourite
_at
_a
_national
!park
_but
_was
_killed
_when
_he
_was
_outside
_the
!parks
!boundaries
_–
_which
_is
_legal
_It
_was
!insinuated
_that
_he
_was
*lured
_off
_the
!park
_but
!Zimbabwe
_dropped
_all
*charges
_against
_the
!hunter
_in
*question
_It
_led
_to
_petitions
_where
_thousands
_called
_for
_justice
_for
*Cecil
_Glass
_says
_he
_accepts
_the
_viewpoint
_that
_killing
_wildanimals
_for
_pleasure
_is
_upsetting
_and
_gratuitous
_But
_he
_defends
_himself
_by
_pointing
_out
_that
_what
_he
_does
_is
_legal
_He
_says
*trophy
!hunters
_are
_nothing
_like
*poachers
_who
_illegally
_kill
!endangered
_animals
_to
_sell
_on
_their
_parts
_–
_such
_as
*ivory
_or
_rhino
!horns
_and
_that
_licensed
!hunters
_pay
_a
*large
_fee
_to
_governmentapproved
!organisations
_that
_can
_go
_up
_to
_six
_figures
_“
_I
!’m
_completely
_antipoaching
!”
_says
_Glass
_“
_It
*’s
_against
_the
_law
_and
_there
*’s
_no
_death
_more
_painful
_and
_long
_than
_an
!animal
_being
_hung
_in
_a
_poacher
*’s
*snare
_I
_see
_myself
_as
_a
_conservationist
!”
_The
_idea
_that
!hunting
_can
_lead
_to
!conservation
_comes
_down
_to
_the
_fact
_that
_in
_some
!African
_countries
_such
_as
!Zambia
_and
!Zimbabwe
_half
!of
_the
_money
_from
_a
_hunt
_is
_meant
_to
_go
_to
_the
_community
_and
!conservation
_groups
_However
_critics
_say
_that
_in
!Zimbabwe
_less
_than
_05
!of
_the
_countrys
_GDP
_comes
_from
*trophy
!hunting
_itself
_and
_that
_the
_benefits
_often
_fail
_to
_reach
*ordinary
!Zimbabweans
_Meanwhile
_a
!2009
*report
_from
_the
_International
!Union
_for
!Conservation
!of
!Nature
_revealed
_that
_sport
!hunting
_in
_West
!Africa
_does
_not
_provide
_significant
_benefits
_to
_the
_surrounding
_communities
!Zoologist
_Craig
!Packer
_–
_who
_also
_features
_in
_the
!BBC
_Four
_documentary
_disagrees
_with
_Glass
*’s
*justification
_for
!hunting
_“
_To
_Glass
_God
_put
_all
_the
_lions
_on
_Earth
_so
_it
*’s
_fine
_to
_shoot
_them
_What
_he
_implies
_is
_there
*’s
_an
*inexhaustible
*supply
!of
_nature
_but
_that
*’s
_really
_far
_from
_reality
_There
_are
_only
_between
*2030000
!wild
_lions
_left
_in
_North
!Africa
_There
_are
!n’t
_as
_many
_lions
_left
_to
_shoot
_anymore
!”
_Philip
_Glass
_in
*actionBBC
_THREEPHILIP
*GLASS
_Philip
_Glass
_in
_action
_He
_also
*points
_out
_that
_half
!of
_a
!hunting
_fee
_–
_typically
_between
_25000
_and
_50000
_–
_is
!n’t
_enough
_to
_protect
_animals
_from
*poachers
_and
_local
_communities
_“
_The
_difficulty
_in
*conserving
_an
!animal
_like
_the
_lion
_thats
_so
_fierce
_and
_dangerous
_is
_that
_it
*’s
_very
_expensive
_says
!Packer
_Yes
!hunters
_pay
_money
_to
_go
_and
_they
_may
_well
_in
_their
_heart
_believe
_that
_money
_is
_enough
_to
_make
_a
_difference
_But
_it
*’s
_not
_If
_they
_gave
*1
_million
_per
_hunt
_and
!100
!of
_it
_went
_to
!conservation
_then
_that
_would
_be
_closer
_to
_the
*amount
_that
*’s
_needed
!”
!Of
_course
_the
_other
_major
*criticism
!of
*trophy
!hunting
_comes
_from
_animal
_rights
_groups
!PETA
_says
_on
_its
_website
_“
!Hunting
_is
_now
_nothing
_more
_than
_a
_violent
_form
!of
_recreation
_that
_the
_vast
_majority
!of
!hunters
_do
_not
_need
_for
*subsistence
!Hunting
_has
_contributed
_to
_the
!extinction
!of
_animal
!species
_all
_over
_the
_world
_including
_the
!Tasmanian
_tiger
_and
_the
_great
_auk
!”
_The
_animal
_rights
*organisation
_also
_highlights
_the
*pain
_it
_can
_inflict
_on
_animals
_if
_they
_are
_hurt
_and
_not
_killed
_as
_well
_as
_the
_negative
_effect
_on
_natural
!habitats
_and
!ecosystems
_Philip
_Glass
_says
_that
_he
_tries
_very
_hard
_to
_be
*ethical
_with
_killing
_and
_to
_do
_his
_“
_due
_diligence
!”
_He
_explains
_“
_People
_think
_I
_jump
_on
_an
_airplane
_get
_off
_run
_out
_to
_the
!bush
_and
_shoot
_a
_lion
_but
_that
*’s
_not
_even
_close
_to
_the
_real
_process
_I
_plan
_a
*year
_in
_advance
_If
_I
_want
_to
_hunt
_a
_buffalo
_I
_want
_to
_know
_if
_the
_management
!of
_the
_hunt
_I
_book
_has
_a
_good
_success
_rate
_that
_they
_’re
_open
_about
_their
*permits
_and
_that
_they
_’re
_straightup
_and
_honest
_I
_read
*books
_on
*anatomy
_so
_I
_know
_how
_to
_shoot
_an
_animal
_ethically
_causing
_it
_minimum
*pain
_and
_I
_go
_to
_a
_shooting
_school
_for
_dangerous
_game
!hunting
!”
_However
_his
_efforts
_do
_not
_always
*pay
_off
_In
_the
_documentary
_the
_elephant
_he
_shoots
_looks
_like
_it
_is
_in
*pain
_and
_appears
_to
_be
*shrieking
_Glass
_is
_uncomfortable
_about
_this
_and
_says
_he
_thinks
_it
_looks
!exaggerated
_on
_film
_but
_accepts
_“
_It
_is
_hard
_for
_people
_to
_watch
_It
*’s
_upsetting
_to
_me
_just
_the
_same
_as
_it
_is
_to
_you
!”
_Philip
_and
_one
!of
_his
*trophiesBBC
_THREEPHILIP
*GLASS
_Philip
_and
_one
!of
_his
*trophies
_His
_views
_on
_animals
_seem
_conflicted
_He
_calls
_himself
_an
_animal
!lover
_but
_also
_believes
_in
_killing
_them
_for
_sport
_“
_I
_live
_with
_animals
_I
_feed
_them
_care
_for
_them
_and
_hunt
_them
_too
_because
_I
_love
_them
!”
_he
_says
_“
_But
_though
_I
_love
_animals
_I
_do
!n’t
_believe
_they
_have
_any
_rights
_I
_think
_that
*’s
_a
_modern
_myth
_that
*’s
_been
_created
_by
_people
_At
_the
_very
_beginning
!of
_the
!Bible
_when
_God
_mentions
_mankind
_he
_gives
!men
*dominion
_over
_all
_animals
_We
_’re
_in
*charge
_But
_we
_’re
_also
_responsible
_I
_take
_that
_seriously
_and
_try
_to
_be
*ethical
_when
_I
_shoot
!”
_There
_is
_a
_moment
_caught
_on
_film
_when
_he
_shoots
_his
_first
_lion
_and
_cries
_“
_I
_ca
!n’t
_apologise
_for
_that
_rush
!of
_emotion
!”
_he
_says
_“
_It
_was
_a
_mixture
!of
_pride
_and
_joy
_at
_achieving
_a
_dream
_I
_never
_felt
_I
_could
_have
_The
_lion
_is
_something
_I
_never
_thought
_I
_could
_hunt
_It
_was
_the
_most
_gorgeous
_lion
_–
_a
_single
!solitary
!male
_I
_do
!n’t
_feel
_guilty
_about
_shooting
_him
_because
_Im
_certain
_that
_if
_I
_had
!n’t
_he
_would
_have
_died
_being
_torn
!limbtolimb
_by
_other
_lions
!”
_Glass
_says
_he
_is
_aware
_that
_many
_viewers
!of
_the
_documentary
_will
_not
_understand
_his
_views
_–
_that
_they
_will
_see
_him
_as
!cruel
_and
!delusional
_He
_says
_he
_has
_already
*received
_huge
*amounts
!of
_abuse
*online
_particularly
_on
_social
_media
_where
_he
!proudly
_poses
_with
_the
!animals
_he
_has
_shot
_–
_a
_leopardan
_elephant
_a
_baboon
_–
_but
_he
_does
!n’t
_care
_“
_Most
_people
!wo
!n’t
_ever
_understand
_the
_heart
!of
_a
_true
!hunter
!”
_says
_Glass
_“
_Critics
_do
!n’t
_have
_to
_like
_it
_but
_I
_believe
_that
_what
_we
_do
_helps
_wildlife
_I
_appreciate
_their
_heart
_for
_animals
_but
_I
_want
_them
_to
_know
_I
_have
_the
_same
_heart
_I
_just
_do
_things
_in
_a
_different
_way
!”
_Philip
_Glass
_has
_been
!hunting
!wild
_animals
_since
_before
_he
_can
_even
_remember
_It
_started
_with
_rabbits
_and
_squirrels
_progressing
_to
_deer
_when
_he
_was
!10
_and
_now
_that
_he
*’s
!46
_he
*cannot
_begin
_to
_count
_how
_many
_animals
_he
*’s
_killed
_let
_alone
_how
_many
!varieties
_“
_I
!’m
_a
*rancher
_in
_Texas
_and
_predator
!hunting
_is
_part
!of
_my
_life
!”
_he
_explains
_“
_I
_shoot
_coyotes
_and
_deer
_to
_keep
_my
_sheep
_alive
_But
_I
!’m
_also
_a
*trophy
!hunter
_I
_’ve
_shot
_four
_out
!of
_the
_big
_five
_in
!Africa
_a
_lion
_a
_leopard
_a
_buffalo
_and
_an
_elephant
_The
_only
_one
_I
*havent
_shot
_is
_a
_rhino
!”
_His
_journey
_to
_killing
_a
_lion
_and
_elephant
_is
!documented
_in
_the
!BBC
_Four
_documentary
!Trophy
_The
!Big
_Game
!Hunting
_Controversy
_It
_is
_difficult
_viewing
_for
_animal
_lovers
_Glass
_is
_seen
_shooting
_an
_elephant
_that
_lies
_on
_the
_ground
!moaning
_in
*pain
_and
!distress
_before
_it
_finally
_dies
_And
_a
_strong
!male
_lion
_is
_shot
_in
_its
_natural
!habitat
_And
_Glass
_discusses
_the
!20
*trophies
_he
_has
_on
_his
_walls
_at
_home
_–
_the
_“
_coolest
!”
!of
_which
_he
_says
_is
_a
_giraffe
_“
_For
_most
!hunters
_an
_animal
_head
_on
_the
_wall
_is
_a
*memory
!of
_a
_very
_special
_time
_in
_their
_lives
!”
_he
_says
_“
_It
*’s
_not
_just
_a
!dusty
*trophy
_–
_it
*’s
_a
_reverence
_When
_I
_see
_my
*trophies
_I
_remember
_the
_rush
_and
_thrill
!of
_each
!of
_those
*hunts
_I
_thank
_God
_for
_those
_animals
_and
_those
_trips
_where
_I
_got
_to
_travel
_the
_world
_and
_see
_them
_in
_their
_natural
!habitats
!”
_Philip
!GlassBBC
_THREEPHILIP
*GLASS
_Philip
_Glass
_Nowadays
*trophy
!hunting
_is
_often
_seen
_as
!brutally
!cruel
_and
_unnecessary
_When
*Cecil
_the
_Lion
_was
_shot
_in
_2015
_there
_was
_widespread
*outrage
_The
_lion
_was
_a
_known
*favourite
_at
_a
_national
!park
_but
_was
_killed
_when
_he
_was
_outside
_the
!parks
!boundaries
_–
_which
_is
_legal
_It
_was
!insinuated
_that
_he
_was
*lured
_off
_the
!park
_but
!Zimbabwe
_dropped
_all
*charges
_against
_the
!hunter
_in
*question
_It
_led
_to
_petitions
_where
_thousands
_called
_for
_justice
_for
*Cecil
_Glass
_says
_he
_accepts
_the
_viewpoint
_that
_killing
_wildanimals
_for
_pleasure
_is
_upsetting
_and
_gratuitous
_But
_he
_defends
_himself
_by
_pointing
_out
_that
_what
_he
_does
_is
_legal
_He
_says
*trophy
!hunters
_are
_nothing
_like
*poachers
_who
_illegally
_kill
!endangered
_animals
_to
_sell
_on
_their
_parts
_–
_such
_as
*ivory
_or
_rhino
!horns
_and
_that
_licensed
!hunters
_pay
_a
*large
_fee
_to
_governmentapproved
!organisations
_that
_can
_go
_up
_to
_six
_figures
_“
_I
!’m
_completely
_antipoaching
!”
_says
_Glass
_“
_It
*’s
_against
_the
_law
_and
_there
*’s
_no
_death
_more
_painful
_and
_long
_than
_an
!animal
_being
_hung
_in
_a
_poacher
*’s
*snare
_I
_see
_myself
_as
_a
_conservationist
!”
_The
_idea
_that
!hunting
_can
_lead
_to
!conservation
_comes
_down
_to
_the
_fact
_that
_in
_some
!African
_countries
_such
_as
!Zambia
_and
!Zimbabwe
_half
!of
_the
_money
_from
_a
_hunt
_is
_meant
_to
_go
_to
_the
_community
_and
!conservation
_groups
_However
_critics
_say
_that
_in
!Zimbabwe
_less
_than
_05
!of
_the
_countrys
_GDP
_comes
_from
*trophy
!hunting
_itself
_and
_that
_the
_benefits
_often
_fail
_to
_reach
*ordinary
!Zimbabweans
_Meanwhile
_a
!2009
*report
_from
_the
_International
!Union
_for
!Conservation
!of
!Nature
_revealed
_that
_sport
!hunting
_in
_West
!Africa
_does
_not
_provide
_significant
_benefits
_to
_the
_surrounding
_communities
!Zoologist
_Craig
!Packer
_–
_who
_also
_features
_in
_the
!BBC
_Four
_documentary
_disagrees
_with
_Glass
*’s
*justification
_for
!hunting
_“
_To
_Glass
_God
_put
_all
_the
_lions
_on
_Earth
_so
_it
*’s
_fine
_to
_shoot
_them
_What
_he
_implies
_is
_there
*’s
_an
*inexhaustible
*supply
!of
_nature
_but
_that
*’s
_really
_far
_from
_reality
_There
_are
_only
_between
*2030000
!wild
_lions
_left
_in
_North
!Africa
_There
_are
!n’t
_as
_many
_lions
_left
_to
_shoot
_anymore
!”
_Philip
_Glass
_in
*actionBBC
_THREEPHILIP
*GLASS
_Philip
_Glass
_in
_action
_He
_also
*points
_out
_that
_half
!of
_a
!hunting
_fee
_–
_typically
_between
_25000
_and
_50000
_–
_is
!n’t
_enough
_to
_protect
_animals
_from
*poachers
_and
_local
_communities
_“
_The
_difficulty
_in
*conserving
_an
!animal
_like
_the
_lion
_thats
_so
_fierce
_and
_dangerous
_is
_that
_it
*’s
_very
_expensive
_says
!Packer
_Yes
!hunters
_pay
_money
_to
_go
_and
_they
_may
_well
_in
_their
_heart
_believe
_that
_money
_is
_enough
_to
_make
_a
_difference
_But
_it
*’s
_not
_If
_they
_gave
*1
_million
_per
_hunt
_and
!100
!of
_it
_went
_to
!conservation
_then
_that
_would
_be
_closer
_to
_the
*amount
_that
*’s
_needed
!”
!Of
_course
_the
_other
_major
*criticism
!of
*trophy
!hunting
_comes
_from
_animal
_rights
_groups
!PETA
_says
_on
_its
_website
_“
!Hunting
_is
_now
_nothing
_more
_than
_a
_violent
_form
!of
_recreation
_that
_the
_vast
_majority
!of
!hunters
_do
_not
_need
_for
*subsistence
!Hunting
_has
_contributed
_to
_the
!extinction
!of
_animal
!species
_all
_over
_the
_world
_including
_the
!Tasmanian
_tiger
_and
_the
_great
_auk
!”
_The
_animal
_rights
*organisation
_also
_highlights
_the
*pain
_it
_can
_inflict
_on
_animals
_if
_they
_are
_hurt
_and
_not
_killed
_as
_well
_as
_the
_negative
_effect
_on
_natural
!habitats
_and
!ecosystems
_Philip
_Glass
_says
_that
_he
_tries
_very
_hard
_to
_be
*ethical
_with
_killing
_and
_to
_do
_his
_“
_due
_diligence
!”
_He
_explains
_“
_People
_think
_I
_jump
_on
_an
_airplane
_get
_off
_run
_out
_to
_the
!bush
_and
_shoot
_a
_lion
_but
_that
*’s
_not
_even
_close
_to
_the
_real
_process
_I
_plan
_a
*year
_in
_advance
_If
_I
_want
_to
_hunt
_a
_buffalo
_I
_want
_to
_know
_if
_the
_management
!of
_the
_hunt
_I
_book
_has
_a
_good
_success
_rate
_that
_they
_’re
_open
_about
_their
*permits
_and
_that
_they
_’re
_straightup
_and
_honest
_I
_read
*books
_on
*anatomy
_so
_I
_know
_how
_to
_shoot
_an
_animal
_ethically
_causing
_it
_minimum
*pain
_and
_I
_go
_to
_a
_shooting
_school
_for
_dangerous
_game
!hunting
!”
_However
_his
_efforts
_do
_not
_always
*pay
_off
_In
_the
_documentary
_the
_elephant
_he
_shoots
_looks
_like
_it
_is
_in
*pain
_and
_appears
_to
_be
*shrieking
_Glass
_is
_uncomfortable
_about
_this
_and
_says
_he
_thinks
_it
_looks
!exaggerated
_on
_film
_but
_accepts
_“
_It
_is
_hard
_for
_people
_to
_watch
_It
*’s
_upsetting
_to
_me
_just
_the
_same
_as
_it
_is
_to
_you
!”
_Philip
_and
_one
!of
_his
*trophiesBBC
_THREEPHILIP
*GLASS
_Philip
_and
_one
!of
_his
*trophies
_His
_views
_on
_animals
_seem
_conflicted
_He
_calls
_himself
_an
_animal
!lover
_but
_also
_believes
_in
_killing
_them
_for
_sport
_“
_I
_live
_with
_animals
_I
_feed
_them
_care
_for
_them
_and
_hunt
_them
_too
_because
_I
_love
_them
!”
_he
_says
_“
_But
_though
_I
_love
_animals
_I
_do
!n’t
_believe
_they
_have
_any
_rights
_I
_think
_that
*’s
_a
_modern
_myth
_that
*’s
_been
_created
_by
_people
_At
_the
_very
_beginning
!of
_the
!Bible
_when
_God
_mentions
_mankind
_he
_gives
!men
*dominion
_over
_all
_animals
_We
_’re
_in
*charge
_But
_we
_’re
_also
_responsible
_I
_take
_that
_seriously
_and
_try
_to
_be
*ethical
_when
_I
_shoot
!”
_There
_is
_a
_moment
_caught
_on
_film
_when
_he
_shoots
_his
_first
_lion
_and
_cries
_“
_I
_ca
!n’t
_apologise
_for
_that
_rush
!of
_emotion
!”
_he
_says
_“
_It
_was
_a
_mixture
!of
_pride
_and
_joy
_at
_achieving
_a
_dream
_I
_never
_felt
_I
_could
_have
_The
_lion
_is
_something
_I
_never
_thought
_I
_could
_hunt
_It
_was
_the
_most
_gorgeous
_lion
_–
_a
_single
!solitary
!male
_I
_do
!n’t
_feel
_guilty
_about
_shooting
_him
_because
_Im
_certain
_that
_if
_I
_had
!n’t
_he
_would
_have
_died
_being
_torn
!limbtolimb
_by
_other
_lions
!”
_Glass
_says
_he
_is
_aware
_that
_many
_viewers
!of
_the
_documentary
_will
_not
_understand
_his
_views
_–
_that
_they
_will
_see
_him
_as
!cruel
_and
!delusional
_He
_says
_he
_has
_already
*received
_huge
*amounts
!of
_abuse
*online
_particularly
_on
_social
_media
_where
_he
!proudly
_poses
_with
_the
!animals
_he
_has
_shot
_–
_a
_leopardan
_elephant
_a
_baboon
_–
_but
_he
_does
!n’t
_care
_“
_Most
_people
!wo
!n’t
_ever
_understand
_the
_heart
!of
_a
_true
!hunter
!”
_says
_Glass
_“
_Critics
_do
!n’t
_have
_to
_like
_it
_but
_I
_believe
_that
_what
_we
_do
_helps
_wildlife
_I
_appreciate
_their
_heart
_for
_animals
_but
_I
_want
_them
_to
_know
_I
_have
_the
_same
_heart
_I
_just
_do
_things
_in
_a
_different
_way
!”
_When
_I
_lived
_in
*Paris
_last
_year
_,
*France
_was
_experiencing
_a
_recession
_.
_The
_night
_life
_was
_too
_fun
_,
_I
_developed
_an
_addiction
_to
!Adderall
_and
!cocaine
_.
